<?xml version="1.0" encoding="UTF-8"?>
<!-- Generated by org.testng.reporters.JUnitReportReporter -->
<testsuite skipped="0" hostname="TYSS-4F-048" name="script.AddProductTest" tests="1" failures="0" timestamp="02 May 2018 12:16:10 GMT" time="80.388" errors="0">
  <testcase name="addProduct" time="80.388" classname="script.AddProductTest"/>
</testsuite> <!-- script.AddProductTest -->
